<?xml version="1.0" encoding="UTF-8"?>
<!-- Generated by org.testng.reporters.JUnitReportReporter -->
<testsuite hostname="DESKTOP-5VS2HVD" failures="0" tests="1" name="com.authentication.Authentication" time="2.871" errors="0" timestamp="03 Sep 2022 02:16:51 GMT" skipped="0">
  <testcase classname="com.authentication.Authentication" name="login" time="2.871"/>
</testsuite> <!-- com.authentication.Authentication -->
