<?xml version="1.0" encoding="UTF-8"?>
<!-- Generated by org.testng.reporters.JUnitReportReporter -->
<testsuite hostname="DESKTOP-5VS2HVD" failures="0" tests="5" name="com.serialization.AuthLogin" time="8.978" errors="0" timestamp="05 Sep 2022 02:32:44 GMT" skipped="0">
  <testcase classname="com.serialization.AuthLogin" name="login" time="6.457"/>
  <testcase classname="com.serialization.AuthLogin" name="AddUserAddress" time="0.885"/>
  <testcase classname="com.serialization.AuthLogin" name="UpdateUserAddress" time="0.402"/>
  <testcase classname="com.serialization.AuthLogin" name="DeleteUserAddress" time="0.517"/>
  <testcase classname="com.serialization.AuthLogin" name="GetUserAddress" time="0.717"/>
</testsuite> <!-- com.serialization.AuthLogin -->
